2025-10-14 21:01:08,001 - src.utils - INFO - Starting Troubleshooting RAG System
2025-10-14 21:01:08,005 - src.utils - INFO - Initializing RAG engine...
2025-10-14 21:01:08,008 - src.rag_engine - INFO - Initializing RAG components...
2025-10-14 21:01:08,008 - src.rag_engine - INFO - Loading embedding model...
2025-10-14 21:01:08,008 - sentence_transformers.SentenceTransformer - INFO - Load pretrained SentenceTransformer: sentence-transformers/all-MiniLM-L6-v2
2025-10-14 21:01:24,571 - sentence_transformers.SentenceTransformer - INFO - Use pytorch device_name: mps
2025-10-14 21:01:24,960 - src.rag_engine - INFO - Initializing vector store...
2025-10-14 21:01:24,986 - chromadb.telemetry.product.posthog - INFO - Anonymized telemetry enabled. See                     https://docs.trychroma.com/telemetry for more information.
2025-10-14 21:01:25,494 - chromadb.telemetry.product.posthog - ERROR - Failed to send telemetry event ClientStartEvent: capture() takes 1 positional argument but 3 were given
2025-10-14 21:01:25,501 - chromadb.telemetry.product.posthog - ERROR - Failed to send telemetry event ClientCreateCollectionEvent: capture() takes 1 positional argument but 3 were given
2025-10-14 21:01:25,505 - src.rag_engine - INFO - Created new collection
2025-10-14 21:01:25,505 - src.utils - INFO - Initializing data ingestors...
2025-10-14 21:01:25,505 - src.utils - INFO - Creating sample data...
2025-10-14 21:01:37,066 - src.utils - INFO - Starting Troubleshooting RAG System
2025-10-14 21:01:37,070 - src.utils - INFO - Initializing RAG engine...
2025-10-14 21:01:37,073 - src.rag_engine - INFO - Initializing RAG components...
2025-10-14 21:01:37,073 - src.rag_engine - INFO - Loading embedding model...
2025-10-14 21:01:37,073 - sentence_transformers.SentenceTransformer - INFO - Load pretrained SentenceTransformer: sentence-transformers/all-MiniLM-L6-v2
2025-10-14 21:01:39,491 - sentence_transformers.SentenceTransformer - INFO - Use pytorch device_name: mps
2025-10-14 21:01:39,792 - src.rag_engine - INFO - Initializing vector store...
2025-10-14 21:01:39,816 - chromadb.telemetry.product.posthog - INFO - Anonymized telemetry enabled. See                     https://docs.trychroma.com/telemetry for more information.
2025-10-14 21:01:39,891 - chromadb.telemetry.product.posthog - ERROR - Failed to send telemetry event ClientStartEvent: capture() takes 1 positional argument but 3 were given
2025-10-14 21:01:39,892 - src.rag_engine - INFO - Loaded existing collection
2025-10-14 21:01:39,892 - src.utils - INFO - Initializing data ingestors...
2025-10-14 21:01:39,892 - src.utils - INFO - Starting GUI...
2025-10-14 21:06:12,105 - src.utils - INFO - Starting Troubleshooting RAG System CLI
2025-10-14 21:06:12,112 - src.rag_engine - INFO - Initializing RAG components...
2025-10-14 21:06:12,112 - src.rag_engine - INFO - Loading embedding model...
2025-10-14 21:06:12,112 - sentence_transformers.SentenceTransformer - INFO - Load pretrained SentenceTransformer: sentence-transformers/all-MiniLM-L6-v2
2025-10-14 21:06:14,937 - sentence_transformers.SentenceTransformer - INFO - Use pytorch device_name: mps
2025-10-14 21:06:15,343 - src.rag_engine - INFO - Initializing vector store...
2025-10-14 21:06:15,367 - chromadb.telemetry.product.posthog - INFO - Anonymized telemetry enabled. See                     https://docs.trychroma.com/telemetry for more information.
2025-10-14 21:06:15,467 - chromadb.telemetry.product.posthog - ERROR - Failed to send telemetry event ClientStartEvent: capture() takes 1 positional argument but 3 were given
2025-10-14 21:06:15,469 - src.rag_engine - INFO - Loaded existing collection
2025-10-14 21:07:32,908 - src.utils - INFO - Starting Troubleshooting RAG System Demo
2025-10-14 21:07:32,915 - src.rag_engine - INFO - Initializing RAG components...
2025-10-14 21:07:32,915 - src.rag_engine - INFO - Loading embedding model...
2025-10-14 21:07:32,915 - sentence_transformers.SentenceTransformer - INFO - Load pretrained SentenceTransformer: sentence-transformers/all-MiniLM-L6-v2
2025-10-14 21:07:35,990 - sentence_transformers.SentenceTransformer - INFO - Use pytorch device_name: mps
2025-10-14 21:07:36,244 - src.rag_engine - INFO - Initializing vector store...
2025-10-14 21:07:36,286 - chromadb.telemetry.product.posthog - INFO - Anonymized telemetry enabled. See                     https://docs.trychroma.com/telemetry for more information.
2025-10-14 21:07:36,387 - chromadb.telemetry.product.posthog - ERROR - Failed to send telemetry event ClientStartEvent: capture() takes 1 positional argument but 3 were given
2025-10-14 21:07:36,392 - src.rag_engine - INFO - Loaded existing collection
2025-10-14 21:07:36,405 - src.data_ingestors - INFO - Found 1 ticket files
2025-10-14 21:07:36,410 - src.data_ingestors - INFO - Processing ./data/exports/sample_tickets.csv with 3 tickets
2025-10-14 21:07:36,414 - src.data_ingestors - INFO - Found 1 Slack files
2025-10-14 21:07:36,415 - src.data_ingestors - INFO - Found 0 log files
2025-10-14 21:07:36,415 - src.data_ingestors - INFO - Found 0 documentation files
2025-10-14 21:07:36,415 - src.data_ingestors - INFO - Total chunks ingested: 5
2025-10-14 21:07:36,415 - src.rag_engine - INFO - Adding 5 knowledge chunks...
2025-10-14 21:07:36,415 - src.rag_engine - INFO - Creating embeddings...
2025-10-14 21:16:43,071 - src.utils - INFO - Starting Troubleshooting RAG System Demo
2025-10-14 21:16:43,078 - src.rag_engine - INFO - Initializing RAG components...
2025-10-14 21:16:43,078 - src.rag_engine - INFO - Loading embedding model...
2025-10-14 21:16:43,078 - sentence_transformers.SentenceTransformer - INFO - Load pretrained SentenceTransformer: sentence-transformers/all-MiniLM-L6-v2
2025-10-14 21:16:45,867 - sentence_transformers.SentenceTransformer - INFO - Use pytorch device_name: mps
2025-10-14 21:16:46,083 - src.rag_engine - INFO - Initializing vector store...
2025-10-14 21:16:46,116 - chromadb.telemetry.product.posthog - INFO - Anonymized telemetry enabled. See                     https://docs.trychroma.com/telemetry for more information.
2025-10-14 21:16:46,334 - chromadb.telemetry.product.posthog - ERROR - Failed to send telemetry event ClientStartEvent: capture() takes 1 positional argument but 3 were given
2025-10-14 21:16:46,336 - src.rag_engine - INFO - Loaded existing collection
2025-10-14 21:16:46,342 - src.data_ingestors - INFO - Found 1 ticket files
2025-10-14 21:16:46,345 - src.data_ingestors - INFO - Processing ./data/exports/sample_tickets.csv with 3 tickets
2025-10-14 21:16:46,348 - src.data_ingestors - INFO - Found 1 Slack files
2025-10-14 21:16:46,348 - src.data_ingestors - INFO - Found 0 log files
2025-10-14 21:16:46,349 - src.data_ingestors - INFO - Found 0 documentation files
2025-10-14 21:16:46,349 - src.data_ingestors - INFO - Total chunks ingested: 5
2025-10-14 21:16:46,349 - src.rag_engine - INFO - Adding 5 knowledge chunks...
2025-10-14 21:16:46,349 - src.rag_engine - INFO - Creating embeddings...
2025-10-14 21:16:47,642 - chromadb.telemetry.product.posthog - ERROR - Failed to send telemetry event CollectionAddEvent: capture() takes 1 positional argument but 3 were given
2025-10-14 21:16:47,642 - src.rag_engine - INFO - Successfully added 5 chunks
2025-10-14 21:16:47,643 - src.rag_engine - INFO - Searching for: login issues
2025-10-14 21:16:48,863 - chromadb.telemetry.product.posthog - ERROR - Failed to send telemetry event CollectionQueryEvent: capture() takes 1 positional argument but 3 were given
2025-10-14 21:16:48,863 - src.rag_engine - INFO - Searching for: database problems
2025-10-14 21:16:49,443 - src.rag_engine - INFO - Searching for: slow performance
2025-10-14 21:16:49,453 - src.rag_engine - INFO - Searching for: disk space issues
2025-10-15 08:35:42,964 - src.utils - INFO - Starting Troubleshooting RAG System CLI
2025-10-15 08:35:42,971 - src.rag_engine - INFO - Initializing RAG components...
2025-10-15 08:35:42,971 - src.rag_engine - INFO - Loading embedding model...
2025-10-15 08:35:42,971 - sentence_transformers.SentenceTransformer - INFO - Load pretrained SentenceTransformer: sentence-transformers/all-MiniLM-L6-v2
2025-10-15 08:35:45,948 - sentence_transformers.SentenceTransformer - INFO - Use pytorch device_name: mps
2025-10-15 08:35:46,186 - src.rag_engine - INFO - Initializing vector store...
2025-10-15 08:35:46,215 - chromadb.telemetry.product.posthog - INFO - Anonymized telemetry enabled. See                     https://docs.trychroma.com/telemetry for more information.
2025-10-15 08:35:46,309 - chromadb.telemetry.product.posthog - ERROR - Failed to send telemetry event ClientStartEvent: capture() takes 1 positional argument but 3 were given
2025-10-15 08:35:46,311 - src.rag_engine - INFO - Loaded existing collection
2025-10-15 08:36:19,038 - src.utils - INFO - Starting Troubleshooting RAG System
2025-10-15 08:36:19,041 - src.utils - INFO - Initializing RAG engine...
2025-10-15 08:36:19,044 - src.rag_engine - INFO - Initializing RAG components...
2025-10-15 08:36:19,044 - src.rag_engine - INFO - Loading embedding model...
2025-10-15 08:36:19,044 - sentence_transformers.SentenceTransformer - INFO - Load pretrained SentenceTransformer: sentence-transformers/all-MiniLM-L6-v2
2025-10-15 08:36:21,534 - sentence_transformers.SentenceTransformer - INFO - Use pytorch device_name: mps
2025-10-15 08:36:21,782 - src.rag_engine - INFO - Initializing vector store...
2025-10-15 08:36:21,796 - chromadb.telemetry.product.posthog - INFO - Anonymized telemetry enabled. See                     https://docs.trychroma.com/telemetry for more information.
2025-10-15 08:36:21,865 - chromadb.telemetry.product.posthog - ERROR - Failed to send telemetry event ClientStartEvent: capture() takes 1 positional argument but 3 were given
2025-10-15 08:36:21,866 - src.rag_engine - INFO - Loaded existing collection
2025-10-15 08:36:21,866 - src.utils - INFO - Initializing data ingestors...
2025-10-15 08:36:21,866 - src.utils - INFO - Starting GUI...
