0 verbose cli /opt/homebrew/Cellar/node/24.3.0/bin/node /opt/homebrew/lib/node_modules/npm/bin/npm-cli.js
1 info using npm@11.4.2
2 info using node@v24.3.0
3 silly config load:file:/opt/homebrew/lib/node_modules/npm/npmrc
4 silly config load:file:/Users/sandiptiwari/Documents/troubleshooting_rag/frontend/.npmrc
5 silly config load:file:/Users/sandiptiwari/.npmrc
6 silly config load:file:/opt/homebrew/etc/npmrc
7 verbose title npm exec create-vite@latest . -- --template react-ts
8 verbose argv "exec" "--yes" "--" "create-vite@latest" "." "--" "--template" "react-ts"
9 verbose logfile logs-max:10 dir:/Users/sandiptiwari/Documents/troubleshooting_rag/.npm-cache/_logs/2025-10-28T14_33_17_115Z-
10 verbose logfile /Users/sandiptiwari/Documents/troubleshooting_rag/.npm-cache/_logs/2025-10-28T14_33_17_115Z-debug-0.log
11 silly logfile done cleaning log files
12 silly packumentCache heap:2348810240 maxSize:587202560 maxEntrySize:293601280
13 http fetch GET 200 https://registry.npmjs.org/create-vite 96ms (cache miss)
14 silly packumentCache heap:2348810240 maxSize:587202560 maxEntrySize:293601280
15 http fetch GET 200 https://registry.npmjs.org/npm 168ms
16 silly packumentCache heap:2348810240 maxSize:587202560 maxEntrySize:293601280
17 silly idealTree buildDeps
18 silly fetch manifest create-vite@8.0.2
19 silly packumentCache full:https://registry.npmjs.org/create-vite cache-miss
20 http fetch GET 200 https://registry.npmjs.org/create-vite 44ms (cache miss)
21 silly packumentCache full:https://registry.npmjs.org/create-vite set size:undefined disposed:false
22 silly placeDep ROOT create-vite@8.0.2 OK for:  want: 8.0.2
23 silly reify moves {}
24 silly audit bulk request { 'create-vite': [ '8.0.2' ] }
25 http cache create-vite@https://registry.npmjs.org/create-vite/-/create-vite-8.0.2.tgz 0ms (cache hit)
26 silly tarball no local data for create-vite@https://registry.npmjs.org/create-vite/-/create-vite-8.0.2.tgz. Extracting by manifest.
27 http fetch GET 200 https://registry.npmjs.org/create-vite/-/create-vite-8.0.2.tgz 65ms (cache miss)
28 http fetch POST 200 https://registry.npmjs.org/-/npm/v1/security/advisories/bulk 320ms
29 silly audit report {}
30 verbose cwd /Users/sandiptiwari/Documents/troubleshooting_rag/frontend
31 verbose os Darwin 24.6.0
32 verbose node v24.3.0
33 verbose npm  v11.4.2
34 notice
34 notice New minor version of npm available! 11.4.2 -> 11.6.2
34 notice Changelog: https://github.com/npm/cli/releases/tag/v11.6.2
34 notice To update run: npm install -g npm@11.6.2
34 notice  { force: true, Symbol(proc-log.meta): true }
35 verbose exit 0
36 info ok
